  Port 8000 is in use, using port 8003 instead
  ✔ Client bundle already built
Jac API Server running on http://0.0.0.0:8003
Module: main

Available endpoints:
  POST /user/register - Create a new user
  POST /user/login - Login and get auth token
  GET  /user/info - Get current user information (auth required)
  PUT  /user/username - Update username (auth required)
  PUT  /user/password - Update password (auth required)
  GET /functions - List all functions
  GET /walkers - List all walkers
  GET /function/<name> - Get function signature
  GET /walker/<name> - Get walker info
  POST /function/<name> - Call a function
  POST /walker/<name> - Spawn a walker
  GET /cl/<name> - Render HTML page for client function

Base route (/) configured to serve: app

Press Ctrl+C to stop the server

  JAC DEV SERVER v0.13.4

  ➜  Local:     http://localhost:8003/

  🚀 Server ready

